<?xml version="1.0" encoding="UTF-8"?>
<!-- Generated by org.testng.reporters.JUnitReportReporter -->
<testsuite hostname="LAPTOP-24E6EFHK" failures="0" tests="10" name="com.myframework.testcases.product.verifySortByOnProduct" time="24.127" errors="0" timestamp="2024-02-19T22:44:35 IST" skipped="0">
  <testcase classname="com.myframework.testcases.product.verifySortByOnProduct" name="hoverOnMenuAndSelectMenu" time="3.608"/>
  <system-out/>
  <testcase classname="com.myframework.testcases.product.verifySortByOnProduct" name="hoverOnMenuAndSelectMenu" time="1.904"/>
  <system-out/>
  <testcase classname="com.myframework.testcases.product.verifySortByOnProduct" name="verifyPageBreadCrumb" time="0.365"/>
  <system-out/>
  <testcase classname="com.myframework.testcases.product.verifySortByOnProduct" name="verifyPageBreadCrumb" time="15.123"/>
  <system-out/>
  <testcase classname="com.myframework.testcases.product.verifySortByOnProduct" name="selectSortOptionByText" time="1.578"/>
  <system-out/>
  <testcase classname="com.myframework.testcases.product.verifySortByOnProduct" name="selectSortOptionByText" time="1.081"/>
  <system-out/>
  <testcase classname="com.myframework.testcases.product.verifySortByOnProduct" name="scrollPageTillSortByOption" time="0.090"/>
  <system-out/>
  <testcase classname="com.myframework.testcases.product.verifySortByOnProduct" name="scrollPageTillSortByOption" time="0.012"/>
  <system-out/>
  <testcase classname="com.myframework.testcases.product.verifySortByOnProduct" name="verifyProductOrderBy" time="0.296"/>
  <system-out/>
  <testcase classname="com.myframework.testcases.product.verifySortByOnProduct" name="verifyProductOrderBy" time="0.070"/>
  <system-out/>
</testsuite> <!-- com.myframework.testcases.product.verifySortByOnProduct -->
