<?xml version="1.0" encoding="UTF-8"?>
<!-- Generated by org.testng.reporters.JUnitReportReporter -->
<testsuite hostname="LAPTOP-24E6EFHK" failures="0" tests="3" name="com.myframework.testcases.homepage.VerifyHomeScreen" time="0.301" errors="0" timestamp="2024-02-09T20:04:06 IST" skipped="0">
  <testcase classname="com.myframework.testcases.homepage.VerifyHomeScreen" name="verifyHomePageTitle" time="0.037"/>
  <system-out/>
  <testcase classname="com.myframework.testcases.homepage.VerifyHomeScreen" name="verifySignInBtnIsVisible" time="0.090"/>
  <system-out/>
  <testcase classname="com.myframework.testcases.homepage.VerifyHomeScreen" name="verifyMainMenuOptions" time="0.174"/>
  <system-out/>
</testsuite> <!-- com.myframework.testcases.homepage.VerifyHomeScreen -->
