<?xml version="1.0" encoding="UTF-8"?>
<!-- Generated by org.testng.reporters.JUnitReportReporter -->
<testsuite hostname="LAPTOP-24E6EFHK" failures="0" tests="3" name="com.myframework.testcases.homepage.VerifyHomeScreen" time="0.169" errors="0" timestamp="2024-02-08T21:41:43 IST" skipped="0">
  <testcase classname="com.myframework.testcases.homepage.VerifyHomeScreen" name="verifyHomePageTitle" time="0.014"/>
  <system-out/>
  <testcase classname="com.myframework.testcases.homepage.VerifyHomeScreen" name="verifySignInBtnIsVisible" time="0.057"/>
  <system-out/>
  <testcase classname="com.myframework.testcases.homepage.VerifyHomeScreen" name="verifyMainMenuOptions" time="0.098"/>
  <system-out/>
</testsuite> <!-- com.myframework.testcases.homepage.VerifyHomeScreen -->
