<?xml version="1.0" encoding="UTF-8"?>
<!-- Generated by org.testng.reporters.JUnitReportReporter -->
<testsuite hostname="LAPTOP-24E6EFHK" failures="0" tests="2" name="com.myframework.testcases.homepage.VerifyHomeScreen" time="0.083" errors="0" timestamp="2024-02-18T18:59:55 IST" skipped="0">
  <testcase classname="com.myframework.testcases.homepage.VerifyHomeScreen" name="verifyHomePageTitle" time="0.007"/>
  <system-out/>
  <testcase classname="com.myframework.testcases.homepage.VerifyHomeScreen" name="verifyHomePageTitle" time="0.076"/>
  <system-out/>
</testsuite> <!-- com.myframework.testcases.homepage.VerifyHomeScreen -->
