<?xml version="1.0" encoding="UTF-8"?>
<!-- Generated by org.testng.reporters.JUnitReportReporter -->
<testsuite hostname="LAPTOP-24E6EFHK" failures="0" tests="6" name="com.myframework.testcases.homepage.VerifyHomeScreen" time="0.328" errors="0" timestamp="2024-02-14T16:56:16 IST" skipped="0">
  <testcase classname="com.myframework.testcases.homepage.VerifyHomeScreen" name="verifyHomePageTitle" time="0.006"/>
  <system-out/>
  <testcase classname="com.myframework.testcases.homepage.VerifyHomeScreen" name="verifyHomePageTitle" time="0.018"/>
  <system-out/>
  <testcase classname="com.myframework.testcases.homepage.VerifyHomeScreen" name="verifySignInBtnIsVisible" time="0.061"/>
  <system-out/>
  <testcase classname="com.myframework.testcases.homepage.VerifyHomeScreen" name="verifySignInBtnIsVisible" time="0.051"/>
  <system-out/>
  <testcase classname="com.myframework.testcases.homepage.VerifyHomeScreen" name="verifyMainMenuOptions" time="0.097"/>
  <system-out/>
  <testcase classname="com.myframework.testcases.homepage.VerifyHomeScreen" name="verifyMainMenuOptions" time="0.095"/>
  <system-out/>
</testsuite> <!-- com.myframework.testcases.homepage.VerifyHomeScreen -->
