<?xml version="1.0" encoding="UTF-8"?>
<!-- Generated by org.testng.reporters.JUnitReportReporter -->
<testsuite hostname="LAPTOP-24E6EFHK" failures="0" tests="6" name="com.myframework.testcases.signin_singup.VerifyUserSingIn" time="2.947" errors="0" timestamp="2024-02-08T21:41:43 IST" skipped="1">
  <testcase classname="com.myframework.testcases.signin_singup.VerifyUserSingIn" name="verifySignInBtnIsVisible" time="0.078"/>
  <system-out/>
  <testcase classname="com.myframework.testcases.signin_singup.VerifyUserSingIn" name="verifySignInBtnIsClickable" time="0.122"/>
  <system-out/>
  <testcase classname="com.myframework.testcases.signin_singup.VerifyUserSingIn" name="verifyUserTapOnSignInBtn" time="0.903"/>
  <system-out/>
  <testcase classname="com.myframework.testcases.signin_singup.VerifyUserSingIn" name="verifyInvalidUserLogin" time="0.930"/>
  <system-out/>
  <testcase classname="com.myframework.testcases.signin_singup.VerifyUserSingIn" name="verifyInvalidUserLogin" time="0.914"/>
  <system-out/>
  <testcase classname="com.myframework.testcases.signin_singup.VerifyUserSingIn" name="verifyValidUserLogin">
    <skipped/>
  </testcase> <!-- verifyValidUserLogin -->
  <system-out/>
</testsuite> <!-- com.myframework.testcases.signin_singup.VerifyUserSingIn -->
