<?xml version="1.0" encoding="UTF-8"?>
<!-- Generated by org.testng.reporters.JUnitReportReporter -->
<testsuite hostname="LAPTOP-24E6EFHK" failures="0" tests="6" name="com.myframework.testcases.signin_singup.VerifyUserSingIn" time="4.926" errors="0" timestamp="2024-02-12T20:36:07 IST" skipped="1">
  <testcase classname="com.myframework.testcases.signin_singup.VerifyUserSingIn" name="verifySignInBtnIsVisible" time="0.379"/>
  <system-out/>
  <testcase classname="com.myframework.testcases.signin_singup.VerifyUserSingIn" name="verifySignInBtnIsClickable" time="0.292"/>
  <system-out/>
  <testcase classname="com.myframework.testcases.signin_singup.VerifyUserSingIn" name="verifyUserTapOnSignInBtn" time="1.354"/>
  <system-out/>
  <testcase classname="com.myframework.testcases.signin_singup.VerifyUserSingIn" name="verifyValidUserLogin" time="1.820"/>
  <system-out/>
  <testcase classname="com.myframework.testcases.signin_singup.VerifyUserSingIn" name="verifyUserSignOut" time="1.081"/>
  <system-out/>
  <testcase classname="com.myframework.testcases.signin_singup.VerifyUserSingIn" name="verifyInvalidUserLogin">
    <skipped/>
  </testcase> <!-- verifyInvalidUserLogin -->
  <system-out/>
</testsuite> <!-- com.myframework.testcases.signin_singup.VerifyUserSingIn -->
