<?xml version="1.0" encoding="UTF-8"?>
<!-- Generated by org.testng.reporters.JUnitReportReporter -->
<testsuite hostname="LAPTOP-24E6EFHK" failures="0" tests="3" name="com.myframework.testcases.homepage.VerifyHomeScreen" time="0.392" errors="0" timestamp="2024-02-12T20:36:07 IST" skipped="0">
  <testcase classname="com.myframework.testcases.homepage.VerifyHomeScreen" name="verifyHomePageTitle" time="0.060"/>
  <system-out/>
  <testcase classname="com.myframework.testcases.homepage.VerifyHomeScreen" name="verifySignInBtnIsVisible" time="0.173"/>
  <system-out/>
  <testcase classname="com.myframework.testcases.homepage.VerifyHomeScreen" name="verifyMainMenuOptions" time="0.159"/>
  <system-out/>
</testsuite> <!-- com.myframework.testcases.homepage.VerifyHomeScreen -->
