<?xml version="1.0" encoding="UTF-8"?>
<!-- Generated by org.testng.reporters.JUnitReportReporter -->
<testsuite hostname="LAPTOP-24E6EFHK" failures="0" tests="5" name="com.myframework.testcases.product.verifySortByOnProduct" time="3.194" errors="0" timestamp="2024-02-13T20:16:56 IST" skipped="0">
  <testcase classname="com.myframework.testcases.product.verifySortByOnProduct" name="hoverOnMenuAndSelectMenu" time="1.808"/>
  <system-out/>
  <testcase classname="com.myframework.testcases.product.verifySortByOnProduct" name="verifyPageBreadCrumb" time="0.048"/>
  <system-out/>
  <testcase classname="com.myframework.testcases.product.verifySortByOnProduct" name="selectSortOptionByText" time="1.054"/>
  <system-out/>
  <testcase classname="com.myframework.testcases.product.verifySortByOnProduct" name="scrollPageTillSortByOption" time="0.065"/>
  <system-out/>
  <testcase classname="com.myframework.testcases.product.verifySortByOnProduct" name="verifyProductOrderBy" time="0.219"/>
  <system-out/>
</testsuite> <!-- com.myframework.testcases.product.verifySortByOnProduct -->
