<?xml version="1.0" encoding="UTF-8"?>
<!-- Generated by org.testng.reporters.JUnitReportReporter -->
<testsuite hostname="LAPTOP-24E6EFHK" failures="0" tests="5" name="com.myframework.testcases.product.verifySortByOnProduct" time="4.417" errors="0" timestamp="2024-02-12T20:36:07 IST" skipped="0">
  <testcase classname="com.myframework.testcases.product.verifySortByOnProduct" name="hoverOnMenuAndSelectMenu" time="2.732"/>
  <system-out/>
  <testcase classname="com.myframework.testcases.product.verifySortByOnProduct" name="verifyPageBreadCrumb" time="0.054"/>
  <system-out/>
  <testcase classname="com.myframework.testcases.product.verifySortByOnProduct" name="selectSortOptionByText" time="1.327"/>
  <system-out/>
  <testcase classname="com.myframework.testcases.product.verifySortByOnProduct" name="scrollPageTillSortByOption" time="0.042"/>
  <system-out/>
  <testcase classname="com.myframework.testcases.product.verifySortByOnProduct" name="verifyProductOrderBy" time="0.262"/>
  <system-out/>
</testsuite> <!-- com.myframework.testcases.product.verifySortByOnProduct -->
