<?xml version="1.0" encoding="UTF-8"?>
<!-- Generated by org.testng.reporters.JUnitReportReporter -->
<testsuite hostname="LAPTOP-24E6EFHK" failures="0" tests="5" name="com.myframework.testcases.product.verifySortByOnProduct" time="3.522" errors="0" timestamp="2024-02-11T14:10:36 IST" skipped="0">
  <testcase classname="com.myframework.testcases.product.verifySortByOnProduct" name="hoverOnMenuAndSelectMenu" time="2.260"/>
  <system-out/>
  <testcase classname="com.myframework.testcases.product.verifySortByOnProduct" name="verifyPageBreadCrumb" time="0.047"/>
  <system-out/>
  <testcase classname="com.myframework.testcases.product.verifySortByOnProduct" name="selectSortOptionByText" time="0.933"/>
  <system-out/>
  <testcase classname="com.myframework.testcases.product.verifySortByOnProduct" name="scrollPageTillSortByOption" time="0.031"/>
  <system-out/>
  <testcase classname="com.myframework.testcases.product.verifySortByOnProduct" name="verifyProductOrderBy" time="0.251"/>
  <system-out/>
</testsuite> <!-- com.myframework.testcases.product.verifySortByOnProduct -->
